[ 2015-03-05T14:10:51+08:00 ] 127.0.0.1 /zendWorkSpace/phpStudy/thinkphp3.1/app/
INFO: [ app_begin ] --START--
INFO: ReadHtmlCache Behavior ::run [ RunTime:0.001711s ]
INFO: [ app_begin ] --END-- [ RunTime:0.001872s ]

[ 2015-03-05T14:13:50+08:00 ] 127.0.0.1 /zendWorkSpace/phpStudy/thinkphp3.1/app/index.php
INFO: [ app_begin ] --START--
INFO: ReadHtmlCache Behavior ::run [ RunTime:0.002644s ]
INFO: [ app_begin ] --END-- [ RunTime:0.002783s ]

[ 2015-03-05T14:14:01+08:00 ] 127.0.0.1 /zendWorkSpace/phpStudy/thinkphp3.1/app/index.php/Form/add
INFO: [ route_check ] --START--
INFO: CheckRoute Behavior ::run [ RunTime:0.001294s ]
INFO: [ route_check ] --END-- [ RunTime:0.001379s ]
INFO: [ app_begin ] --START--
INFO: ReadHtmlCache Behavior ::run [ RunTime:0.000818s ]
INFO: [ app_begin ] --END-- [ RunTime:0.000873s ]
ERR: 非法操作:add

[ 2015-03-05T14:14:17+08:00 ] 127.0.0.1 /zendWorkSpace/phpStudy/thinkphp3.1/app/index.php/Form
INFO: [ route_check ] --START--
INFO: CheckRoute Behavior ::run [ RunTime:0.000883s ]
INFO: [ route_check ] --END-- [ RunTime:0.000964s ]
INFO: [ app_begin ] --START--
INFO: ReadHtmlCache Behavior ::run [ RunTime:0.000687s ]
INFO: [ app_begin ] --END-- [ RunTime:0.000739s ]
ERR: 非法操作:index

[ 2015-03-05T14:14:47+08:00 ] 127.0.0.1 /zendWorkSpace/phpStudy/thinkphp3.1/app/index.php/Form/add
INFO: [ route_check ] --START--
INFO: CheckRoute Behavior ::run [ RunTime:0.002352s ]
INFO: [ route_check ] --END-- [ RunTime:0.002440s ]
INFO: [ app_begin ] --START--
INFO: ReadHtmlCache Behavior ::run [ RunTime:0.001644s ]
INFO: [ app_begin ] --END-- [ RunTime:0.001699s ]
ERR: 非法操作:add

[ 2015-03-05T14:18:02+08:00 ] 127.0.0.1 /zendWorkSpace/phpStudy/thinkphp3.1/app/index.php/Form/add
INFO: [ route_check ] --START--
INFO: CheckRoute Behavior ::run [ RunTime:0.001524s ]
INFO: [ route_check ] --END-- [ RunTime:0.001636s ]
INFO: [ app_begin ] --START--
INFO: ReadHtmlCache Behavior ::run [ RunTime:0.000935s ]
INFO: [ app_begin ] --END-- [ RunTime:0.001002s ]
ERR: 非法操作:add

[ 2015-03-05T14:18:48+08:00 ] 127.0.0.1 /zendWorkSpace/phpStudy/thinkphp3.1/app/index.php/Form/add
INFO: [ route_check ] --START--
INFO: CheckRoute Behavior ::run [ RunTime:0.001919s ]
INFO: [ route_check ] --END-- [ RunTime:0.002010s ]
INFO: [ app_begin ] --START--
INFO: ReadHtmlCache Behavior ::run [ RunTime:0.002196s ]
INFO: [ app_begin ] --END-- [ RunTime:0.002293s ]
ERR: 非法操作:add

[ 2015-03-05T14:18:55+08:00 ] 127.0.0.1 /zendWorkSpace/phpStudy/thinkphp3.1/app/index.php/Form/add
INFO: [ route_check ] --START--
INFO: CheckRoute Behavior ::run [ RunTime:0.000889s ]
INFO: [ route_check ] --END-- [ RunTime:0.000977s ]
INFO: [ app_begin ] --START--
INFO: ReadHtmlCache Behavior ::run [ RunTime:0.000757s ]
INFO: [ app_begin ] --END-- [ RunTime:0.000827s ]
ERR: 非法操作:add

[ 2015-03-05T15:04:44+08:00 ] 127.0.0.1 /zendWorkSpace/phpStudy/thinkphp3.1/app/index.php/Index/show/name/zxb/age/13
INFO: [ route_check ] --START--
INFO: CheckRoute Behavior ::run [ RunTime:0.003486s ]
INFO: [ route_check ] --END-- [ RunTime:0.003733s ]
INFO: [ app_begin ] --START--
INFO: ReadHtmlCache Behavior ::run [ RunTime:0.002478s ]
INFO: [ app_begin ] --END-- [ RunTime:0.002568s ]
NOTIC: [2048] Declaration of IndexAction::show() should be compatible with Action::show($content, $charset = '', $contentType = '', $prefix = '') K:\php\apache\htdocs\zendWorkSpace\phpStudy\thinkphp3.1\app\Lib\Action\IndexAction.class.php 第 21 行.

[ 2015-03-05T15:07:19+08:00 ] 127.0.0.1 /zendWorkSpace/phpStudy/thinkphp3.1/app/index.php?m=Index&a=show
INFO: [ app_begin ] --START--
INFO: ReadHtmlCache Behavior ::run [ RunTime:0.002118s ]
INFO: [ app_begin ] --END-- [ RunTime:0.002219s ]
NOTIC: [2048] Declaration of IndexAction::show() should be compatible with Action::show($content, $charset = '', $contentType = '', $prefix = '') K:\php\apache\htdocs\zendWorkSpace\phpStudy\thinkphp3.1\app\Lib\Action\IndexAction.class.php 第 24 行.
NOTIC: [8] Undefined index: name K:\php\apache\htdocs\zendWorkSpace\phpStudy\thinkphp3.1\app\Lib\Action\IndexAction.class.php 第 22 行.
NOTIC: [8] Undefined index: age K:\php\apache\htdocs\zendWorkSpace\phpStudy\thinkphp3.1\app\Lib\Action\IndexAction.class.php 第 22 行.

[ 2015-03-05T15:07:33+08:00 ] 127.0.0.1 /zendWorkSpace/phpStudy/thinkphp3.1/app/index.php?m=Index&a=show&name=zxb&age=23
INFO: [ app_begin ] --START--
INFO: ReadHtmlCache Behavior ::run [ RunTime:0.001449s ]
INFO: [ app_begin ] --END-- [ RunTime:0.001557s ]
NOTIC: [2048] Declaration of IndexAction::show() should be compatible with Action::show($content, $charset = '', $contentType = '', $prefix = '') K:\php\apache\htdocs\zendWorkSpace\phpStudy\thinkphp3.1\app\Lib\Action\IndexAction.class.php 第 24 行.

[ 2015-03-05T15:19:17+08:00 ] 127.0.0.1 /zendWorkSpace/phpStudy/thinkphp3.1/app/?m=Index&a=show&name=zxb&age=23
INFO: [ app_begin ] --START--
INFO: ReadHtmlCache Behavior ::run [ RunTime:0.001282s ]
INFO: [ app_begin ] --END-- [ RunTime:0.001375s ]
NOTIC: [2048] Declaration of IndexAction::show() should be compatible with Action::show($content, $charset = '', $contentType = '', $prefix = '') K:\php\apache\htdocs\zendWorkSpace\phpStudy\thinkphp3.1\app\Lib\Action\IndexAction.class.php 第 25 行.

[ 2015-03-05T15:31:09+08:00 ] 127.0.0.1 /zendWorkSpace/phpStudy/thinkphp3.1/app/index.php/Index/show
INFO: [ route_check ] --START--
INFO: CheckRoute Behavior ::run [ RunTime:0.001537s ]
INFO: [ route_check ] --END-- [ RunTime:0.001633s ]
INFO: [ app_begin ] --START--
INFO: ReadHtmlCache Behavior ::run [ RunTime:0.001005s ]
INFO: [ app_begin ] --END-- [ RunTime:0.001109s ]
NOTIC: [2048] Declaration of IndexAction::show() should be compatible with Action::show($content, $charset = '', $contentType = '', $prefix = '') K:\php\apache\htdocs\zendWorkSpace\phpStudy\thinkphp3.1\app\Lib\Action\IndexAction.class.php 第 28 行.
NOTIC: [8] Undefined index: name K:\php\apache\htdocs\zendWorkSpace\phpStudy\thinkphp3.1\app\Lib\Action\IndexAction.class.php 第 26 行.
NOTIC: [8] Undefined index: age K:\php\apache\htdocs\zendWorkSpace\phpStudy\thinkphp3.1\app\Lib\Action\IndexAction.class.php 第 26 行.

[ 2015-03-05T15:31:43+08:00 ] 127.0.0.1 /zendWorkSpace/phpStudy/thinkphp3.1/app/index.php/Index/index
INFO: [ route_check ] --START--
INFO: CheckRoute Behavior ::run [ RunTime:0.001695s ]
INFO: [ route_check ] --END-- [ RunTime:0.001881s ]
INFO: [ app_begin ] --START--
INFO: ReadHtmlCache Behavior ::run [ RunTime:0.001452s ]
INFO: [ app_begin ] --END-- [ RunTime:0.001535s ]
NOTIC: [2048] Declaration of IndexAction::show() should be compatible with Action::show($content, $charset = '', $contentType = '', $prefix = '') K:\php\apache\htdocs\zendWorkSpace\phpStudy\thinkphp3.1\app\Lib\Action\IndexAction.class.php 第 29 行.
ERR: 模板不存在[K:/php/apache/htdocs/zendWorkSpace/phpStudy/thinkphp3.1/app/Tpl/Index/index.html]

[ 2015-03-05T15:34:17+08:00 ] 127.0.0.1 /zendWorkSpace/phpStudy/thinkphp3.1/app/index.php/Index/index
INFO: [ route_check ] --START--
INFO: CheckRoute Behavior ::run [ RunTime:0.001788s ]
INFO: [ route_check ] --END-- [ RunTime:0.001906s ]
INFO: [ app_begin ] --START--
INFO: ReadHtmlCache Behavior ::run [ RunTime:0.001252s ]
INFO: [ app_begin ] --END-- [ RunTime:0.001362s ]
NOTIC: [2048] Declaration of IndexAction::show() should be compatible with Action::show($content, $charset = '', $contentType = '', $prefix = '') K:\php\apache\htdocs\zendWorkSpace\phpStudy\thinkphp3.1\app\Lib\Action\IndexAction.class.php 第 29 行.
INFO: [ view_parse ] --START--
INFO: ParseTemplate Behavior ::run [ RunTime:0.074358s ]
INFO: [ view_parse ] --END-- [ RunTime:0.074454s ]
INFO: [ view_filter ] --START--
INFO: ContentReplace Behavior ::run [ RunTime:0.013344s ]
INFO: TokenBuild Behavior ::run [ RunTime:0.001754s ]
INFO: WriteHtmlCache Behavior ::run [ RunTime:0.001966s ]
INFO: ShowRuntime Behavior ::run [ RunTime:0.002016s ]
INFO: [ view_filter ] --END-- [ RunTime:0.019270s ]
INFO: [ view_end ] --START--
INFO: ShowPageTrace Behavior ::run [ RunTime:0.001838s ]
INFO: [ view_end ] --END-- [ RunTime:0.001904s ]

[ 2015-03-05T15:41:56+08:00 ] 127.0.0.1 /zendWorkSpace/phpStudy/thinkphp3.1/app/index.php/Index/index
INFO: [ route_check ] --START--
INFO: CheckRoute Behavior ::run [ RunTime:0.001665s ]
INFO: [ route_check ] --END-- [ RunTime:0.001773s ]
INFO: [ app_begin ] --START--
INFO: ReadHtmlCache Behavior ::run [ RunTime:0.001053s ]
INFO: [ app_begin ] --END-- [ RunTime:0.001118s ]
NOTIC: [2048] Declaration of IndexAction::show() should be compatible with Action::show($content, $charset = '', $contentType = '', $prefix = '') K:\php\apache\htdocs\zendWorkSpace\phpStudy\thinkphp3.1\app\Lib\Action\IndexAction.class.php 第 32 行.
INFO: [ view_parse ] --START--
NOTIC: [8] Undefined variable: date K:\php\apache\htdocs\zendWorkSpace\phpStudy\thinkphp3.1\app\Runtime\Cache\70ea583fafed0743cbc3e3a6c13b18b5.php 第 8 行.
INFO: ParseTemplate Behavior ::run [ RunTime:0.089790s ]
INFO: [ view_parse ] --END-- [ RunTime:0.089863s ]
INFO: [ view_filter ] --START--
INFO: ContentReplace Behavior ::run [ RunTime:0.000809s ]
INFO: TokenBuild Behavior ::run [ RunTime:0.000794s ]
INFO: WriteHtmlCache Behavior ::run [ RunTime:0.000719s ]
INFO: ShowRuntime Behavior ::run [ RunTime:0.000853s ]
INFO: [ view_filter ] --END-- [ RunTime:0.003336s ]
INFO: [ view_end ] --START--
INFO: ShowPageTrace Behavior ::run [ RunTime:0.000972s ]
INFO: [ view_end ] --END-- [ RunTime:0.001027s ]

[ 2015-03-05T15:41:58+08:00 ] 127.0.0.1 /zendWorkSpace/phpStudy/thinkphp3.1/app/index.php/Index/index
INFO: [ route_check ] --START--
INFO: CheckRoute Behavior ::run [ RunTime:0.000979s ]
INFO: [ route_check ] --END-- [ RunTime:0.001084s ]
INFO: [ app_begin ] --START--
INFO: ReadHtmlCache Behavior ::run [ RunTime:0.000715s ]
INFO: [ app_begin ] --END-- [ RunTime:0.000770s ]
NOTIC: [2048] Declaration of IndexAction::show() should be compatible with Action::show($content, $charset = '', $contentType = '', $prefix = '') K:\php\apache\htdocs\zendWorkSpace\phpStudy\thinkphp3.1\app\Lib\Action\IndexAction.class.php 第 32 行.
INFO: [ view_parse ] --START--
NOTIC: [8] Undefined variable: date K:\php\apache\htdocs\zendWorkSpace\phpStudy\thinkphp3.1\app\Runtime\Cache\70ea583fafed0743cbc3e3a6c13b18b5.php 第 8 行.
INFO: ParseTemplate Behavior ::run [ RunTime:0.007970s ]
INFO: [ view_parse ] --END-- [ RunTime:0.008034s ]
INFO: [ view_filter ] --START--
INFO: ContentReplace Behavior ::run [ RunTime:0.000621s ]
INFO: TokenBuild Behavior ::run [ RunTime:0.000715s ]
INFO: WriteHtmlCache Behavior ::run [ RunTime:0.000481s ]
INFO: ShowRuntime Behavior ::run [ RunTime:0.000621s ]
INFO: [ view_filter ] --END-- [ RunTime:0.002600s ]
INFO: [ view_end ] --START--
INFO: ShowPageTrace Behavior ::run [ RunTime:0.000755s ]
INFO: [ view_end ] --END-- [ RunTime:0.000805s ]

[ 2015-03-05T15:42:25+08:00 ] 127.0.0.1 /zendWorkSpace/phpStudy/thinkphp3.1/app/index.php/Index/index
INFO: [ route_check ] --START--
INFO: CheckRoute Behavior ::run [ RunTime:0.002370s ]
INFO: [ route_check ] --END-- [ RunTime:0.002503s ]
INFO: [ app_begin ] --START--
INFO: ReadHtmlCache Behavior ::run [ RunTime:0.001249s ]
INFO: [ app_begin ] --END-- [ RunTime:0.001327s ]
NOTIC: [2048] Declaration of IndexAction::show() should be compatible with Action::show($content, $charset = '', $contentType = '', $prefix = '') K:\php\apache\htdocs\zendWorkSpace\phpStudy\thinkphp3.1\app\Lib\Action\IndexAction.class.php 第 32 行.
INFO: [ view_parse ] --START--
INFO: ParseTemplate Behavior ::run [ RunTime:0.008517s ]
INFO: [ view_parse ] --END-- [ RunTime:0.008589s ]
INFO: [ view_filter ] --START--
INFO: ContentReplace Behavior ::run [ RunTime:0.000731s ]
INFO: TokenBuild Behavior ::run [ RunTime:0.000937s ]
INFO: WriteHtmlCache Behavior ::run [ RunTime:0.000692s ]
INFO: ShowRuntime Behavior ::run [ RunTime:0.000795s ]
INFO: [ view_filter ] --END-- [ RunTime:0.003346s ]
INFO: [ view_end ] --START--
INFO: ShowPageTrace Behavior ::run [ RunTime:0.000962s ]
INFO: [ view_end ] --END-- [ RunTime:0.001012s ]

[ 2015-03-05T15:50:31+08:00 ] 127.0.0.1 /zendWorkSpace/phpStudy/thinkphp3.1/app/index.php/Index/index
INFO: [ route_check ] --START--
INFO: CheckRoute Behavior ::run [ RunTime:0.002191s ]
INFO: [ route_check ] --END-- [ RunTime:0.002336s ]
INFO: [ app_begin ] --START--
INFO: ReadHtmlCache Behavior ::run [ RunTime:0.001432s ]
INFO: [ app_begin ] --END-- [ RunTime:0.001561s ]
NOTIC: [2048] Declaration of IndexAction::show() should be compatible with Action::show($content, $charset = '', $contentType = '', $prefix = '') K:\php\apache\htdocs\zendWorkSpace\phpStudy\thinkphp3.1\app\Lib\Action\IndexAction.class.php 第 32 行.
INFO: [ view_parse ] --START--
INFO: ParseTemplate Behavior ::run [ RunTime:0.012589s ]
INFO: [ view_parse ] --END-- [ RunTime:0.012707s ]
INFO: [ view_filter ] --START--
INFO: ContentReplace Behavior ::run [ RunTime:0.001315s ]
INFO: TokenBuild Behavior ::run [ RunTime:0.001089s ]
INFO: WriteHtmlCache Behavior ::run [ RunTime:0.000907s ]
INFO: ShowRuntime Behavior ::run [ RunTime:0.001125s ]
INFO: [ view_filter ] --END-- [ RunTime:0.004696s ]
INFO: [ view_end ] --START--
INFO: ShowPageTrace Behavior ::run [ RunTime:0.001388s ]
INFO: [ view_end ] --END-- [ RunTime:0.001487s ]

[ 2015-03-05T16:01:41+08:00 ] 127.0.0.1 /zendWorkSpace/phpStudy/thinkphp3.1/app/index.php/Index/index
INFO: [ route_check ] --START--
INFO: CheckRoute Behavior ::run [ RunTime:0.001366s ]
INFO: [ route_check ] --END-- [ RunTime:0.001499s ]
INFO: [ app_begin ] --START--
INFO: ReadHtmlCache Behavior ::run [ RunTime:0.000952s ]
INFO: [ app_begin ] --END-- [ RunTime:0.001019s ]
NOTIC: [2048] Declaration of IndexAction::show() should be compatible with Action::show($content, $charset = '', $contentType = '', $prefix = '') K:\php\apache\htdocs\zendWorkSpace\phpStudy\thinkphp3.1\app\Lib\Action\IndexAction.class.php 第 35 行.
NOTIC: [2] mysql_connect(): Access denied for user 'root'@'localhost' (using password: NO) K:\php\apache\htdocs\zendWorkSpace\phpStudy\thinkphp3.1\ThinkPHP\Lib\Driver\Db\DbMysql.class.php 第 55 行.
ERR: Access denied for user 'root'@'localhost' (using password: NO)

[ 2015-03-05T16:07:37+08:00 ] 127.0.0.1 /zendWorkSpace/phpStudy/thinkphp3.1/app/index.php/Index/index
INFO: [ route_check ] --START--
INFO: CheckRoute Behavior ::run [ RunTime:0.001360s ]
INFO: [ route_check ] --END-- [ RunTime:0.001448s ]
INFO: [ app_begin ] --START--
INFO: ReadHtmlCache Behavior ::run [ RunTime:0.000882s ]
INFO: [ app_begin ] --END-- [ RunTime:0.000946s ]
NOTIC: [2048] Declaration of IndexAction::show() should be compatible with Action::show($content, $charset = '', $contentType = '', $prefix = '') K:\php\apache\htdocs\zendWorkSpace\phpStudy\thinkphp3.1\app\Lib\Action\IndexAction.class.php 第 35 行.
SQL: SHOW COLUMNS FROM `tp_user` [ RunTime:0.051424s ]
SQL: SELECT * FROM `tp_user`  [ RunTime:0.024485s ]
INFO: [ view_parse ] --START--
INFO: ParseTemplate Behavior ::run [ RunTime:0.013929s ]
INFO: [ view_parse ] --END-- [ RunTime:0.014058s ]
INFO: [ view_filter ] --START--
INFO: ContentReplace Behavior ::run [ RunTime:0.001117s ]
INFO: TokenBuild Behavior ::run [ RunTime:0.001256s ]
INFO: WriteHtmlCache Behavior ::run [ RunTime:0.001509s ]
INFO: ShowRuntime Behavior ::run [ RunTime:0.001272s ]
INFO: [ view_filter ] --END-- [ RunTime:0.005391s ]
INFO: [ view_end ] --START--
INFO: ShowPageTrace Behavior ::run [ RunTime:0.001358s ]
INFO: [ view_end ] --END-- [ RunTime:0.001435s ]

[ 2015-03-05T16:09:12+08:00 ] 127.0.0.1 /zendWorkSpace/phpStudy/thinkphp3.1/app/index.php/Index/index
INFO: [ route_check ] --START--
INFO: CheckRoute Behavior ::run [ RunTime:0.001301s ]
INFO: [ route_check ] --END-- [ RunTime:0.001384s ]
INFO: [ app_begin ] --START--
INFO: ReadHtmlCache Behavior ::run [ RunTime:0.000866s ]
INFO: [ app_begin ] --END-- [ RunTime:0.000923s ]
NOTIC: [2048] Declaration of IndexAction::show() should be compatible with Action::show($content, $charset = '', $contentType = '', $prefix = '') K:\php\apache\htdocs\zendWorkSpace\phpStudy\thinkphp3.1\app\Lib\Action\IndexAction.class.php 第 35 行.
SQL: SHOW COLUMNS FROM `tp_user` [ RunTime:0.009331s ]
SQL: SELECT * FROM `tp_user`  [ RunTime:0.000460s ]
INFO: [ view_parse ] --START--
INFO: ParseTemplate Behavior ::run [ RunTime:0.008676s ]
INFO: [ view_parse ] --END-- [ RunTime:0.008758s ]
INFO: [ view_filter ] --START--
INFO: ContentReplace Behavior ::run [ RunTime:0.000837s ]
INFO: TokenBuild Behavior ::run [ RunTime:0.000889s ]
INFO: WriteHtmlCache Behavior ::run [ RunTime:0.001134s ]
INFO: ShowRuntime Behavior ::run [ RunTime:0.000913s ]
INFO: [ view_filter ] --END-- [ RunTime:0.003950s ]
INFO: [ view_end ] --START--
INFO: ShowPageTrace Behavior ::run [ RunTime:0.000969s ]
INFO: [ view_end ] --END-- [ RunTime:0.001020s ]

[ 2015-03-05T16:10:21+08:00 ] 127.0.0.1 /zendWorkSpace/phpStudy/thinkphp3.1/app/index.php/Index/index
INFO: [ route_check ] --START--
INFO: CheckRoute Behavior ::run [ RunTime:0.001430s ]
INFO: [ route_check ] --END-- [ RunTime:0.001542s ]
INFO: [ app_begin ] --START--
INFO: ReadHtmlCache Behavior ::run [ RunTime:0.001323s ]
INFO: [ app_begin ] --END-- [ RunTime:0.001430s ]
NOTIC: [2048] Declaration of IndexAction::show() should be compatible with Action::show($content, $charset = '', $contentType = '', $prefix = '') K:\php\apache\htdocs\zendWorkSpace\phpStudy\thinkphp3.1\app\Lib\Action\IndexAction.class.php 第 35 行.
SQL: SHOW COLUMNS FROM `tp_user` [ RunTime:0.010846s ]
SQL: SELECT * FROM `tp_user`  [ RunTime:0.000340s ]
INFO: [ view_parse ] --START--
INFO: ParseTemplate Behavior ::run [ RunTime:0.010159s ]
INFO: [ view_parse ] --END-- [ RunTime:0.010264s ]
INFO: [ view_filter ] --START--
INFO: ContentReplace Behavior ::run [ RunTime:0.000853s ]
INFO: TokenBuild Behavior ::run [ RunTime:0.000752s ]
INFO: WriteHtmlCache Behavior ::run [ RunTime:0.000811s ]
INFO: ShowRuntime Behavior ::run [ RunTime:0.000793s ]
INFO: [ view_filter ] --END-- [ RunTime:0.003375s ]
INFO: [ view_end ] --START--
INFO: ShowPageTrace Behavior ::run [ RunTime:0.000924s ]
INFO: [ view_end ] --END-- [ RunTime:0.000979s ]

[ 2015-03-05T16:10:53+08:00 ] 127.0.0.1 /zendWorkSpace/phpStudy/thinkphp3.1/app/index.php/Index/index
INFO: [ route_check ] --START--
INFO: CheckRoute Behavior ::run [ RunTime:0.000965s ]
INFO: [ route_check ] --END-- [ RunTime:0.001051s ]
INFO: [ app_begin ] --START--
INFO: ReadHtmlCache Behavior ::run [ RunTime:0.000750s ]
INFO: [ app_begin ] --END-- [ RunTime:0.000803s ]
NOTIC: [2048] Declaration of IndexAction::show() should be compatible with Action::show($content, $charset = '', $contentType = '', $prefix = '') K:\php\apache\htdocs\zendWorkSpace\phpStudy\thinkphp3.1\app\Lib\Action\IndexAction.class.php 第 36 行.
SQL: SHOW COLUMNS FROM `tp_user` [ RunTime:0.009575s ]
SQL: SELECT * FROM `tp_user`  [ RunTime:0.000373s ]
INFO: [ view_parse ] --START--
INFO: ParseTemplate Behavior ::run [ RunTime:0.007339s ]
INFO: [ view_parse ] --END-- [ RunTime:0.007415s ]
INFO: [ view_filter ] --START--
INFO: ContentReplace Behavior ::run [ RunTime:0.000533s ]
INFO: TokenBuild Behavior ::run [ RunTime:0.000533s ]
INFO: WriteHtmlCache Behavior ::run [ RunTime:0.000688s ]
INFO: ShowRuntime Behavior ::run [ RunTime:0.000570s ]
INFO: [ view_filter ] --END-- [ RunTime:0.002467s ]
INFO: [ view_end ] --START--
INFO: ShowPageTrace Behavior ::run [ RunTime:0.000932s ]
INFO: [ view_end ] --END-- [ RunTime:0.000999s ]

[ 2015-03-05T16:10:55+08:00 ] 127.0.0.1 /zendWorkSpace/phpStudy/thinkphp3.1/app/index.php/Index/index
INFO: [ route_check ] --START--
INFO: CheckRoute Behavior ::run [ RunTime:0.001231s ]
INFO: [ route_check ] --END-- [ RunTime:0.001359s ]
INFO: [ app_begin ] --START--
INFO: ReadHtmlCache Behavior ::run [ RunTime:0.000865s ]
INFO: [ app_begin ] --END-- [ RunTime:0.000951s ]
NOTIC: [2048] Declaration of IndexAction::show() should be compatible with Action::show($content, $charset = '', $contentType = '', $prefix = '') K:\php\apache\htdocs\zendWorkSpace\phpStudy\thinkphp3.1\app\Lib\Action\IndexAction.class.php 第 36 行.
SQL: SHOW COLUMNS FROM `tp_user` [ RunTime:0.011767s ]
SQL: SELECT * FROM `tp_user`  [ RunTime:0.000448s ]
INFO: [ view_parse ] --START--
INFO: ParseTemplate Behavior ::run [ RunTime:0.009275s ]
INFO: [ view_parse ] --END-- [ RunTime:0.009393s ]
INFO: [ view_filter ] --START--
INFO: ContentReplace Behavior ::run [ RunTime:0.000724s ]
INFO: TokenBuild Behavior ::run [ RunTime:0.000594s ]
INFO: WriteHtmlCache Behavior ::run [ RunTime:0.000749s ]
INFO: ShowRuntime Behavior ::run [ RunTime:0.000623s ]
INFO: [ view_filter ] --END-- [ RunTime:0.002859s ]
INFO: [ view_end ] --START--
INFO: ShowPageTrace Behavior ::run [ RunTime:0.000818s ]
INFO: [ view_end ] --END-- [ RunTime:0.000878s ]

[ 2015-03-05T16:12:09+08:00 ] 127.0.0.1 /zendWorkSpace/phpStudy/thinkphp3.1/app/index.php/Index/index
INFO: [ route_check ] --START--
INFO: CheckRoute Behavior ::run [ RunTime:0.000981s ]
INFO: [ route_check ] --END-- [ RunTime:0.001067s ]
INFO: [ app_begin ] --START--
INFO: ReadHtmlCache Behavior ::run [ RunTime:0.000747s ]
INFO: [ app_begin ] --END-- [ RunTime:0.000801s ]
NOTIC: [2048] Declaration of IndexAction::show() should be compatible with Action::show($content, $charset = '', $contentType = '', $prefix = '') K:\php\apache\htdocs\zendWorkSpace\phpStudy\thinkphp3.1\app\Lib\Action\IndexAction.class.php 第 36 行.
SQL: SHOW COLUMNS FROM `tp_user` [ RunTime:0.024048s ]
SQL: SELECT * FROM `tp_user`  [ RunTime:0.000695s ]
INFO: [ view_parse ] --START--
INFO: ParseTemplate Behavior ::run [ RunTime:0.010437s ]
INFO: [ view_parse ] --END-- [ RunTime:0.010558s ]
INFO: [ view_filter ] --START--
INFO: ContentReplace Behavior ::run [ RunTime:0.000750s ]
INFO: TokenBuild Behavior ::run [ RunTime:0.000650s ]
INFO: WriteHtmlCache Behavior ::run [ RunTime:0.001007s ]
INFO: ShowRuntime Behavior ::run [ RunTime:0.000753s ]
INFO: [ view_filter ] --END-- [ RunTime:0.003345s ]
INFO: [ view_end ] --START--
INFO: ShowPageTrace Behavior ::run [ RunTime:0.000898s ]
INFO: [ view_end ] --END-- [ RunTime:0.000962s ]

[ 2015-03-05T16:14:08+08:00 ] 127.0.0.1 /zendWorkSpace/phpStudy/thinkphp3.1/app/index.php/Index/index
INFO: [ route_check ] --START--
INFO: CheckRoute Behavior ::run [ RunTime:0.002110s ]
INFO: [ route_check ] --END-- [ RunTime:0.002228s ]
INFO: [ app_begin ] --START--
INFO: ReadHtmlCache Behavior ::run [ RunTime:0.001344s ]
INFO: [ app_begin ] --END-- [ RunTime:0.001423s ]
NOTIC: [2048] Declaration of IndexAction::show() should be compatible with Action::show($content, $charset = '', $contentType = '', $prefix = '') K:\php\apache\htdocs\zendWorkSpace\phpStudy\thinkphp3.1\app\Lib\Action\IndexAction.class.php 第 36 行.
SQL: SHOW COLUMNS FROM `tp_user` [ RunTime:0.009645s ]
SQL: SELECT * FROM `tp_user`  [ RunTime:0.000461s ]
NOTIC: [8] Array to string conversion K:\php\apache\htdocs\zendWorkSpace\phpStudy\thinkphp3.1\app\Lib\Action\IndexAction.class.php 第 14 行.
INFO: [ view_parse ] --START--
INFO: ParseTemplate Behavior ::run [ RunTime:0.008594s ]
INFO: [ view_parse ] --END-- [ RunTime:0.008694s ]
INFO: [ view_filter ] --START--
INFO: ContentReplace Behavior ::run [ RunTime:0.000912s ]
INFO: TokenBuild Behavior ::run [ RunTime:0.000825s ]
INFO: WriteHtmlCache Behavior ::run [ RunTime:0.000801s ]
INFO: ShowRuntime Behavior ::run [ RunTime:0.000917s ]
INFO: [ view_filter ] --END-- [ RunTime:0.003625s ]
INFO: [ view_end ] --START--
INFO: ShowPageTrace Behavior ::run [ RunTime:0.000920s ]
INFO: [ view_end ] --END-- [ RunTime:0.000970s ]

[ 2015-03-05T16:41:12+08:00 ] 127.0.0.1 /zendWorkSpace/phpStudy/thinkphp3.1/app/index.php/Index/index
INFO: [ route_check ] --START--
INFO: CheckRoute Behavior ::run [ RunTime:0.001360s ]
INFO: [ route_check ] --END-- [ RunTime:0.001458s ]
INFO: [ app_begin ] --START--
INFO: ReadHtmlCache Behavior ::run [ RunTime:0.000914s ]
INFO: [ app_begin ] --END-- [ RunTime:0.000968s ]
NOTIC: [2048] Declaration of IndexAction::show() should be compatible with Action::show($content, $charset = '', $contentType = '', $prefix = '') K:\php\apache\htdocs\zendWorkSpace\phpStudy\thinkphp3.1\app\Lib\Action\IndexAction.class.php 第 37 行.
SQL: SHOW COLUMNS FROM `tp_user` [ RunTime:0.010020s ]
SQL: SELECT * FROM `tp_user`  [ RunTime:0.000455s ]
NOTIC: [8] Array to string conversion K:\php\apache\htdocs\zendWorkSpace\phpStudy\thinkphp3.1\app\Lib\Action\IndexAction.class.php 第 14 行.
INFO: [ view_parse ] --START--
INFO: ParseTemplate Behavior ::run [ RunTime:0.132381s ]
INFO: [ view_parse ] --END-- [ RunTime:0.132619s ]
INFO: [ view_filter ] --START--
INFO: ContentReplace Behavior ::run [ RunTime:0.002024s ]
INFO: TokenBuild Behavior ::run [ RunTime:0.001940s ]
INFO: WriteHtmlCache Behavior ::run [ RunTime:0.002064s ]
INFO: ShowRuntime Behavior ::run [ RunTime:0.002749s ]
INFO: [ view_filter ] --END-- [ RunTime:0.009231s ]
INFO: [ view_end ] --START--
INFO: ShowPageTrace Behavior ::run [ RunTime:0.002959s ]
INFO: [ view_end ] --END-- [ RunTime:0.003181s ]

[ 2015-03-05T16:42:33+08:00 ] 127.0.0.1 /zendWorkSpace/phpStudy/thinkphp3.1/app/index.php/Index/index
INFO: [ route_check ] --START--
INFO: CheckRoute Behavior ::run [ RunTime:0.001528s ]
INFO: [ route_check ] --END-- [ RunTime:0.001617s ]
INFO: [ app_begin ] --START--
INFO: ReadHtmlCache Behavior ::run [ RunTime:0.000957s ]
INFO: [ app_begin ] --END-- [ RunTime:0.001013s ]
NOTIC: [2048] Declaration of IndexAction::show() should be compatible with Action::show($content, $charset = '', $contentType = '', $prefix = '') K:\php\apache\htdocs\zendWorkSpace\phpStudy\thinkphp3.1\app\Lib\Action\IndexAction.class.php 第 37 行.
SQL: SHOW COLUMNS FROM `tp_user` [ RunTime:0.010098s ]
SQL: SELECT * FROM `tp_user`  [ RunTime:0.000508s ]
NOTIC: [8] Array to string conversion K:\php\apache\htdocs\zendWorkSpace\phpStudy\thinkphp3.1\app\Lib\Action\IndexAction.class.php 第 14 行.
INFO: [ view_parse ] --START--
INFO: ParseTemplate Behavior ::run [ RunTime:0.010053s ]
INFO: [ view_parse ] --END-- [ RunTime:0.010151s ]
INFO: [ view_filter ] --START--
INFO: ContentReplace Behavior ::run [ RunTime:0.000791s ]
INFO: TokenBuild Behavior ::run [ RunTime:0.000734s ]
INFO: WriteHtmlCache Behavior ::run [ RunTime:0.000808s ]
INFO: ShowRuntime Behavior ::run [ RunTime:0.000861s ]
INFO: [ view_filter ] --END-- [ RunTime:0.003342s ]
INFO: [ view_end ] --START--
INFO: ShowPageTrace Behavior ::run [ RunTime:0.000974s ]
INFO: [ view_end ] --END-- [ RunTime:0.001024s ]

[ 2015-03-05T19:36:55+08:00 ] 127.0.0.1 /zendWorkSpace/phpStudy/thinkphp3.1/app/index.php/Index/update
ERR: Model:update您所请求的方法不存在！

[ 2015-03-05T19:37:11+08:00 ] 127.0.0.1 /zendWorkSpace/phpStudy/thinkphp3.1/app/index.php/Index/update
ERR: Model:update您所请求的方法不存在！

[ 2015-03-05T19:37:44+08:00 ] 127.0.0.1 /zendWorkSpace/phpStudy/thinkphp3.1/app/index.php/Index/update
ERR: Model:update您所请求的方法不存在！

[ 2015-03-05T19:38:25+08:00 ] 127.0.0.1 /zendWorkSpace/phpStudy/thinkphp3.1/app/index.php/Index/update
ERR: Model:update您所请求的方法不存在！

[ 2015-03-05T19:38:46+08:00 ] 127.0.0.1 /zendWorkSpace/phpStudy/thinkphp3.1/app/index.php/Index/add
ERR: 模板不存在[K:/php/apache/htdocs/zendWorkSpace/phpStudy/thinkphp3.1/app/Tpl/Index/add.html]

[ 2015-03-05T20:15:44+08:00 ] 127.0.0.1 /zendWorkSpace/phpStudy/thinkphp3.1/app/index.php/zendWorkSpace/phpStudy/thinkphp3.1/app/index.php/User/id/3
ERR: 无法加载模块:ZendWorkSpace

[ 2015-03-05T20:16:36+08:00 ] 127.0.0.1 /zendWorkSpace/phpStudy/thinkphp3.1/app/index.php/zendWorkSpace/phpStudy/thinkphp3.1/app/index.php/User/id/3
ERR: 无法加载模块:ZendWorkSpace

[ 2015-03-05T20:16:54+08:00 ] 127.0.0.1 /zendWorkSpace/phpStudy/thinkphp3.1/app/index.php/zendWorkSpace/phpStudy/thinkphp3.1/app/index.php/User/id/3
ERR: 无法加载模块:ZendWorkSpace

[ 2015-03-05T20:18:13+08:00 ] 127.0.0.1 /zendWorkSpace/phpStudy/thinkphp3.1/app/index.php/zendWorkSpace/phpStudy/thinkphp3.1/app/index.php/User/id/8
ERR: 无法加载模块:ZendWorkSpace

[ 2015-03-05T20:19:31+08:00 ] 127.0.0.1 /zendWorkSpace/phpStudy/thinkphp3.1/app/index.php/zendWorkSpace/phpStudy/thinkphp3.1/app/index.php/User/id/7
ERR: 无法加载模块:ZendWorkSpace

[ 2015-03-05T20:20:22+08:00 ] 127.0.0.1 /zendWorkSpace/phpStudy/thinkphp3.1/app/index.php/User/id/3
ERR: 非法操作:id

[ 2015-03-05T20:20:33+08:00 ] 127.0.0.1 /zendWorkSpace/phpStudy/thinkphp3.1/app/index.php/User/id/4
ERR: 非法操作:id

[ 2015-03-05T20:21:24+08:00 ] 127.0.0.1 /zendWorkSpace/phpStudy/thinkphp3.1/app/index.php/User/id/6
ERR: 非法操作:id

[ 2015-03-05T20:25:20+08:00 ] 127.0.0.1 /zendWorkSpace/phpStudy/thinkphp3.1/app/index.php/User/id/3
ERR: 非法操作:id

[ 2015-03-05T21:50:33+08:00 ] 127.0.0.1 /zendWorkSpace/phpStudy/thinkphp3.1/app/index.php/User/update
ERR: 模板不存在[K:/php/apache/htdocs/zendWorkSpace/phpStudy/thinkphp3.1/app/Tpl/User/update.html]

